17-076770
17-076770
Arrest On Warrant (Other Department)
08/13/17 2157Hrs 08/13/17 2118Hrs
Cleared by Arrest
17-081059
17-081059
Threaten Violence
08/27/17 1823Hrs 08/27/17 1823Hrs
Cleared by Arrest
17-076051
17-076051
Arrest On Warrant (Other Department)
08/11/17 0006Hrs 08/10/17 2318Hrs
Cleared by Arrest
17-073769
17-073769
Suspicious Incident/Cds Related
08/04/17 0547Hrs 08/04/17 0058Hrs
Closed
17-075701
17-075701
Poss Of Drug Paraphernalia
08/10/17 0308Hrs 08/10/17 0107Hrs
Cleared by Arrest
17-078162
17-078162
08/18/17 0339Hrs
Open/Pending
17-079246
17-079246
08/21/17 1340Hrs 04/08/17 2230Hrs
Cleared by Arrest
17-075354
Open/Pending
17-075354
Criminal Mischief W/Damage
08/09/17 0709Hrs 08/09/17 0709Hrs
17-078887
17-078887
Simple Assault
08/20/17 0657Hrs 08/20/17 0242Hrs
Closed
17-077504
17-077504
Possess Cds Or Analog
Cleared by Arrest
08/15/17 2346Hrs 08/15/17 0000Hrs
17-076252
17-076252
08/11/17 1203Hrs
Closed
17-080781
17-080781
Arrest On Warrant (Other Department)
08/26/17 0426Hrs 08/26/17 0301Hrs
Cleared by Arrest
17-075303
17-075303
Poss/Dist Imitation Cds
08/09/17 0127Hrs 08/09/17 0059Hrs
Criminal Summons Issued
17-075667
17-075667
Arrest On Warrant (Other Department)
08/10/17 0817Hrs 08/09/17 2249Hrs George Street(CPN) Cleared by Arrest
17-080384
17-080384
Arrest On Warrant (Other Department)
08/25/17 0459Hrs 08/24/17 2153Hrs
Cleared by Arrest
17-075087
17-075087
08/08/17 1311Hrs
Tillett Hall(CPN)
Cleared by Arrest
17-074160
17-074160
Driving While Intoxicated
08/05/17 0338Hrs 08/05/17 0222Hrs
Cleared by Arrest
17-081122
17-081122
Possession Marijuana/Hash Under
08/27/17 2009Hrs 08/27/17 1838Hrs
Cleared by Arrest
17-078860
17-078860
Possession Marijuana/Hash Under
08/20/17 0458Hrs 08/19/17 2301Hrs
Cleared by Arrest
17-072985
17-072985
Arrest On Warrant (Other Department)
08/01/17 2356Hrs 08/01/17 0000Hrs
Cleared by Arrest
17-082594
17-082594
Suspicious Incident/Cds Related
08/31/17 1524Hrs 08/31/17 1524Hrs
Closed
17-078630
17-078630
Possession Marijuana/Hash Under
08/19/17 0702Hrs 08/19/17 0052Hrs
Cleared by Arrest
17-082696
17-082696
False Public Alarm
08/31/17 2346Hrs 08/31/17 2129Hrs
Open/Pending
17-074634
17-074634
Possession Marijuana/Hash Under
08/07/17 0122Hrs 08/07/17 0009Hrs
Cleared by Arrest
17-077370
17-077370
Arrest On Warrant (Other Department)
08/15/17 1301Hrs 08/15/17 1235Hrs
Cleared by Arrest
17-073745
17-073745
Police Information
08/04/17 0640Hrs 08/03/17 2319Hrs
Closed
17-073742
17-073742
Suspicious Incident/Cds Related
08/04/17 0709Hrs 08/03/17 2307Hrs
Closed
17-073663
17-073663
08/04/17 0432Hrs 08/03/17 1735Hrs
Unfounded
17-075893
17-075893
Arrest On Warrant (Other Department)
08/11/17 0820Hrs 08/10/17 1311Hrs
Cleared by Arrest
17-080873
17-080873
Arrest On Warrant (Other Department)
08/26/17 1444Hrs 08/26/17 1444Hrs
Cleared by Arrest
17-073407
17-073407
Arrest On Warrant (Other Department)
08/03/17 0417Hrs 08/03/17 0134Hrs
Cleared by Arrest
17-076347
17-076347
Harassment
08/11/17 1958Hrs 07/17/17 1116Hrs
Closed
17-075318
08/09/17 0458Hrs 08/09/17 0324Hrs
Closed
17-075318
Suspicious Incident/Cds Related
17-072633
17-072633
Arrest On Warrant (Other Department)
08/01/17 0426Hrs 08/01/17 0304Hrs
Cleared by Arrest
17-073519
17-073519
Bad Checks - $1000.00 To $75,000.00
08/03/17 1003Hrs 08/03/17 0929Hrs
Open/Pending
17-080425
17-080425
Possession Marijuana/Hash Under
08/25/17 0213Hrs 08/25/17 0000Hrs
Cleared by Arrest
17-075806
17-075806
08/10/17 1422Hrs
Liberty Plaza(CPN) Open/Pending
17-078854
17-078854
Criminal Mischief W/Damage
08/20/17 0440Hrs 08/20/17 0440Hrs
Closed
17-072816
17-072816
Bad Checks - $1000.00 To $75,000.00
08/01/17 1155Hrs 08/01/17 0501Hrs
Open/Pending
17-081534
17-081534
Suspicious Incident/Cds Related
08/29/17 0355Hrs 08/28/17 2222Hrs
Unfounded
17-074258
17-074258
Burglary By Entering Motor Vehicle
08/05/17 1451Hrs
Closed
17-076218
17-076218
08/11/17 1012Hrs
Closed
17-073042
17-073042
Poss Of Drug Paraphernalia
08/02/17 0207Hrs 08/02/17 0207Hrs
Cleared by Arrest
17-072662
17-072662
Poss Of Drug Paraphernalia
08/01/17 0632Hrs 08/01/17 0121Hrs
Cleared by Arrest
17-080894
17-080894
Arrest On Warrant (Other Department)
08/26/17 2151Hrs 08/26/17 1747Hrs
Cleared by Arrest
17-080398
17-080398
Possession Marijuana/Hash Under
08/25/17 0029Hrs 08/24/17 2307Hrs
Cleared by Arrest
17-082235
17-082235
Defiant Trespasser
08/30/17 2141Hrs 08/30/17 1904Hrs
Cleared by Arrest
17-079411
17-079411
Poss, Consumpt Of Alcoholunder Legal Age
08/22/17 0426Hrs 08/22/17 0000Hrs
Cleared by Arrest
17-074641
17-074641
Driving While Intoxicated
08/07/17 0427Hrs 08/07/17 0138Hrs
Cleared by Arrest
17-073911
17-073911
Burglary By Entering Motor Vehicle
08/04/17 1202Hrs
Closed
17-081104
17-081104
08/27/17 1741Hrs 08/27/17 1610Hrs
Open/Pending
17-076448
17-076448
Harassment
08/12/17 0506Hrs
Unfounded
17-073054
17-073054
Arrest On Warrant (Other Department)
08/02/17 0528Hrs 08/02/17 0345Hrs
Cleared by Arrest
17-080737
17-080737
Hinder Apprehension - Oneself - False Info
08/25/17 2354Hrs 08/25/17 2331Hrs
Cleared by Arrest
17-075313
Cleared by Arrest
17-075313
Poss Of Drug Paraphernalia
08/09/17 0506Hrs 08/09/17 0215Hrs
17-076100
17-076100
Possession Marijuana/Hash Under
08/11/17 0244Hrs 08/11/17 0128Hrs
Cleared by Arrest
17-082329
17-082329
Suspicious Incident/Cds Related
08/31/17 0054Hrs 08/31/17 0023Hrs
Unfounded
17-080790
17-080790
Arrest On Warrant (Other Department)
08/26/17 0531Hrs 08/26/17 0400Hrs      - New Brunswick Cleared by Arrest
17-072611
17-072611
Arrest On Warrant (Other Department)
08/01/17 0333Hrs 08/01/17 0105Hrs
Cleared by Arrest
17-075676
17-075676
Hinder Apprehension - Oneself - False Info
08/10/17 0030Hrs 08/09/17 2322Hrs
Cleared by Arrest
17-079645
17-079645
08/22/17 1923Hrs 08/22/17 1757Hrs
Open/Pending
17-073308
17-073308
17-073308
        17-073308
Poss Of Drug Paraphernalia
Possession Marijuana/Hash Under
Arrest On Warrant (Other Department)
08/02/17 2013Hrs 08/02/17 1853Hrs Parking Lot 20 (CPN) Cleared by Arrest
08/02/17 2013Hrs 08/02/17 1853Hrs Parking Lot 20 (CPN) Cleared by Arrest
08/02/17 2013Hrs 08/02/17 1853Hrs Parking Lot 20 (CPN) Cleared by Arrest
17-074390
17-074390
Possession Marijuana/Hash Under
08/06/17 0236Hrs 08/06/17 0102Hrs
Cleared by Arrest
17-081229
17-081229
Arrest On Warrant (Other Department)
08/28/17 0420Hrs 08/28/17 0122Hrs
Cleared by Arrest
17-076597
17-076597
Criminal Simulation
08/12/17 2318Hrs 08/12/17 2207Hrs  COLLEGE AVE   - Open/Pending
17-076598
17-076598
Theft By Extortion
08/12/17 2347Hrs 08/12/17 2209Hrs
Closed
17-074018
17-074018
08/04/17 1554Hrs
Closed
17-073767
17-073767
Suspicious Incident/Cds Related
08/04/17 0311Hrs 08/04/17 0050Hrs Deiner Park(CPN)
Closed
17-081208
17-081208
Suspicious Incident/Cds Related
08/28/17 0519Hrs 08/27/17 2338Hrs
Unfounded
17-072999
17-072999
Arrest On Warrant (Other Department)
08/02/17 0029Hrs 08/01/17 2337Hrs
Cleared by Arrest
17-081809
17-081809
08/29/17 1709Hrs
Closed
17-079337
17-079337
Arrest On Warrant (Other Department)
08/21/17 2126Hrs 08/21/17 0000Hrs
Cleared by Arrest
17-081906
17-081906
Suspicious Incident/Cds Related
08/30/17 0110Hrs 08/29/17 2232Hrs
Closed
17-081531
17-081531
17-081531
Poss Of Drug Paraphernalia
Possession Marijuana/Hash Under
08/29/17 0210Hrs 08/28/17 2222Hrs Hamilton Street(CPN) Cleared by Arrest
08/29/17 0210Hrs 08/28/17 2222Hrs Hamilton Street(CPN) Cleared by Arrest
17-075718
17-075718
Arrest On Warrant (Other Department)
08/10/17 0557Hrs 08/10/17 0238Hrs
Cleared by Arrest
17-075583
17-075583
08/09/17 2016Hrs
Open/Pending
17-082138
17-082138
08/30/17 1428Hrs 08/30/17 0800Hrs
Closed
17-078266
17-078266
Simple Assault
08/18/17 0308Hrs 08/18/17 0155Hrs
Closed
17-073315
17-073315
Arrest On Warrant (Other Department)
08/02/17 1948Hrs 08/02/17 1926Hrs
Cleared by Arrest
17-078273
17-078273
Poss Of Drug Paraphernalia
08/18/17 0444Hrs 08/18/17 0222Hrs
Cleared by Arrest
17-079760
17-079760
Arrest On Warrant (Other Department)
08/23/17 0401Hrs 08/23/17 0202Hrs
Cleared by Arrest
17-073728
17-073728
Harassment
08/03/17 2301Hrs 08/03/17 2219Hrs
Closed
17-081653
17-081653
Unintentional Fire - Electrical
08/29/17 0940Hrs
Stonier Hall(CPN)
Closed
17-072619
17-072619
Simple Assault
08/01/17 0603Hrs 08/01/17 0121Hrs
Open/Pending
17-073180
17-073180
Arrest On Warrant (Other Department)
08/02/17 1116Hrs 08/02/17 1116Hrs
Cleared by Arrest
17-080723
17-080723
Suspicious Incident/Cds Related
08/26/17 0710Hrs 08/25/17 2207Hrs
Closed
17-076109
17-076109
Alcoholic Bev Under Legal Age
08/11/17 0635Hrs 08/11/17 0202Hrs
Cleared by Arrest
17-074799
17-074799
08/07/17 1449Hrs 08/07/17 0000Hrs
Cleared by Arrest
17-075688
17-075688
Arrest On Warrant (Other Department)
08/10/17 0447Hrs 08/10/17 0012Hrs
Cleared by Arrest
17-075789
17-075789
08/10/17 1148Hrs
Liberty Plaza(CPN) Open/Pending
17-081677
17-081677
08/29/17 1029Hrs
Blake Hall(CPN)
Open/Pending
17-077785
17-077785
Forgery
08/16/17 1616Hrs 08/16/17 1537Hrs Records Hall(CPN)
Closed
17-075638
17-075638
Suspicious Incident/Cds Related
08/10/17 0647Hrs 08/09/17 2134Hrs
Closed
17-080441
17-080441
Arrest On Warrant (Other Department)
08/25/17 0407Hrs 08/25/17 0341Hrs
Cleared by Arrest
17-073778
17-073778
Arrest On Warrant (Other Department)
08/04/17 0403Hrs 08/04/17 0144Hrs
Cleared by Arrest
17-080732
17-080732
Suspicious Incident/Cds Related
08/26/17 0613Hrs 08/25/17 2245Hrs
Closed
17-082376
17-082376
Lewdness
08/31/17 0740Hrs 08/31/17 0546Hrs
Closed
17-081934
17-081934
Suspicious Incident/Cds Related
08/30/17 0153Hrs 08/30/17 0027Hrs
Closed
17-075210
17-075210
Criminal Simulation
08/09/17 0423Hrs 08/08/17 2048Hrs
Closed
